<?xml version="1.0" encoding="UTF-8"?>
<!-- Generated by org.testng.reporters.JUnitReportReporter -->
<testsuite hostname="LAPTOP-62RFVMRJ" failures="0" tests="11" name="tests.ProductsTests" time="2.237" errors="0" timestamp="2022-08-29T14:12:41 IDT" skipped="0">
  <testcase classname="tests.ProductsTests" name="tc09_sort_a_to_z" time="0.205"/>
  <system-out/>
  <testcase classname="tests.ProductsTests" name="tc05_Remove_product" time="0.360"/>
  <system-out/>
  <testcase classname="tests.ProductsTests" name="tc08_Product_price" time="0.092"/>
  <system-out/>
  <testcase classname="tests.ProductsTests" name="tc11_move_to_item_page" time="0.147"/>
  <system-out/>
  <testcase classname="tests.ProductsTests" name="tc02_Add_to_cart_button_pos" time="0.470"/>
  <system-out/>
  <testcase classname="tests.ProductsTests" name="tc04_Add_to_cart_button_already_added" time="0.262"/>
  <system-out/>
  <testcase classname="tests.ProductsTests" name="tc07_Remove_product_not_in_cart" time="0.252"/>
  <system-out/>
  <testcase classname="tests.ProductsTests" name="tc03_Add_to_cart_button_not_found" time="0.063"/>
  <system-out/>
  <testcase classname="tests.ProductsTests" name="tc10_sort_price_Dessending" time="0.247"/>
  <system-out/>
  <testcase classname="tests.ProductsTests" name="tc01_On_Products_page" time="0.088"/>
  <system-out/>
  <testcase classname="tests.ProductsTests" name="tc06_Remove_product_not_found" time="0.051"/>
  <system-out/>
</testsuite> <!-- tests.ProductsTests -->
