<?xml version="1.0" encoding="UTF-8"?>
<!-- Generated by org.testng.reporters.JUnitReportReporter -->
<testsuite hostname="LAPTOP-62RFVMRJ" failures="0" tests="8" name="tests.MenuTests" time="15.850" errors="0" timestamp="2022-08-08T17:04:36 IDT" skipped="0">
  <testcase classname="tests.MenuTests" name="tc05_Menu_About" time="7.443"/>
  <system-out/>
  <testcase classname="tests.MenuTests" name="tc06_Menu_Reset_app" time="0.880"/>
  <system-out/>
  <testcase classname="tests.MenuTests" name="tc04_Menu_all_items" time="0.904"/>
  <system-out/>
  <testcase classname="tests.MenuTests" name="tc01_go_to_cart_page" time="0.382"/>
  <system-out/>
  <testcase classname="tests.MenuTests" name="tc08_Menu_Logout" time="4.521"/>
  <system-out/>
  <testcase classname="tests.MenuTests" name="tc07_Menu_invalid_option" time="0.953"/>
  <system-out/>
  <testcase classname="tests.MenuTests" name="tc02_Count_product_0" time="0.023"/>
  <system-out/>
  <testcase classname="tests.MenuTests" name="tc03_Count_product_2" time="0.744"/>
  <system-out/>
</testsuite> <!-- tests.MenuTests -->
