<?xml version="1.0" encoding="UTF-8"?>
<!-- Generated by org.testng.reporters.JUnitReportReporter -->
<testsuite hostname="LAPTOP-62RFVMRJ" failures="0" tests="8" name="tests.LoginTest" time="15.696" errors="0" timestamp="2022-08-04T16:38:04 IDT" skipped="1">
  <testcase classname="tests.LoginTest" name="TC05_badUsedr" time="1.392"/>
  <system-out/>
  <testcase classname="tests.LoginTest" name="TC06_locked_out_user" time="1.403"/>
  <system-out/>
  <testcase classname="tests.LoginTest" name="TC07_Standard_User" time="1.651"/>
  <system-out/>
  <testcase classname="tests.LoginTest" name="TC09_performance_glitch_user" time="6.632"/>
  <system-out/>
  <testcase classname="tests.LoginTest" name="TC08_Problem_User" time="1.646"/>
  <system-out/>
  <testcase classname="tests.LoginTest" name="TC02_noPassword" time="1.563"/>
  <system-out/>
  <testcase classname="tests.LoginTest" name="TC04_badPassword" time="1.409"/>
  <system-out/>
  <testcase classname="tests.LoginTest" name="TC03_noUser">
    <skipped/>
  </testcase> <!-- TC03_noUser -->
  <system-out/>
</testsuite> <!-- tests.LoginTest -->
