<?xml version="1.0" encoding="UTF-8"?>
<!-- Generated by org.testng.reporters.JUnitReportReporter -->
<testsuite hostname="LAPTOP-62RFVMRJ" failures="0" tests="8" name="tests.MenuTests" time="18.078" errors="0" timestamp="2022-08-29T14:12:41 IDT" skipped="0">
  <testcase classname="tests.MenuTests" name="tc08_Menu_Logout" time="4.520"/>
  <system-out/>
  <testcase classname="tests.MenuTests" name="tc06_Menu_Reset_app" time="0.942"/>
  <system-out/>
  <testcase classname="tests.MenuTests" name="tc04_Menu_all_items" time="1.038"/>
  <system-out/>
  <testcase classname="tests.MenuTests" name="tc05_Menu_About" time="9.328"/>
  <system-out/>
  <testcase classname="tests.MenuTests" name="tc07_Menu_invalid_option" time="0.983"/>
  <system-out/>
  <testcase classname="tests.MenuTests" name="tc03_Count_product_2" time="0.884"/>
  <system-out/>
  <testcase classname="tests.MenuTests" name="tc02_Count_product_0" time="0.025"/>
  <system-out/>
  <testcase classname="tests.MenuTests" name="tc01_go_to_cart_page" time="0.358"/>
  <system-out/>
</testsuite> <!-- tests.MenuTests -->
