<?xml version="1.0" encoding="UTF-8"?>
<!-- Generated by org.testng.reporters.JUnitReportReporter -->
<testsuite hostname="LAPTOP-62RFVMRJ" failures="0" tests="9" name="tests.ItemPageTests" time="1.143" errors="0" timestamp="2022-08-08T14:29:08 IDT" skipped="0">
  <testcase classname="tests.ItemPageTests" name="tc05_Remove_product_not_in_cart" time="0.072"/>
  <system-out/>
  <testcase classname="tests.ItemPageTests" name="tc06_Product_price" time="0.086"/>
  <system-out/>
  <testcase classname="tests.ItemPageTests" name="tc04_Remove_product" time="0.162"/>
  <system-out/>
  <testcase classname="tests.ItemPageTests" name="tc07_Product_image" time="0.034"/>
  <system-out/>
  <testcase classname="tests.ItemPageTests" name="tc01_Assert_on_item_page" time="0.033"/>
  <system-out/>
  <testcase classname="tests.ItemPageTests" name="tc02_Add_to_cart_button_pos" time="0.164"/>
  <system-out/>
  <testcase classname="tests.ItemPageTests" name="b11_move_to_item_page" time="0.219"/>
  <system-out/>
  <testcase classname="tests.ItemPageTests" name="tc03_Add_to_cart_button_already_added" time="0.073"/>
  <system-out/>
  <testcase classname="tests.ItemPageTests" name="tc08_back_to_products_page" time="0.300"/>
  <system-out/>
</testsuite> <!-- tests.ItemPageTests -->
