<?xml version="1.0" encoding="UTF-8"?>
<!-- Generated by org.testng.reporters.JUnitReportReporter -->
<testsuite hostname="LAPTOP-62RFVMRJ" failures="0" tests="9" name="tests.LoginTest" time="20.316" errors="0" timestamp="2022-08-29T14:12:41 IDT" skipped="1">
  <testcase classname="tests.LoginTest" name="TC08_Problem_User" time="2.692"/>
  <system-out/>
  <testcase classname="tests.LoginTest" name="TC04_badPassword" time="1.432"/>
  <system-out/>
  <testcase classname="tests.LoginTest" name="TC06_locked_out_user" time="1.415"/>
  <system-out/>
  <testcase classname="tests.LoginTest" name="TC09_performance_glitch_user" time="7.677"/>
  <system-out/>
  <testcase classname="tests.LoginTest" name="TC07_Standard_User" time="2.750"/>
  <system-out/>
  <testcase classname="tests.LoginTest" name="TC02_noPassword" time="1.415"/>
  <system-out/>
  <testcase classname="tests.LoginTest" name="TC05_badUsedr" time="1.413"/>
  <system-out/>
  <testcase classname="tests.LoginTest" name="TC01_noUser_noPassword" time="1.522"/>
  <system-out/>
  <testcase classname="tests.LoginTest" name="TC03_noUser">
    <skipped/>
  </testcase> <!-- TC03_noUser -->
  <system-out/>
</testsuite> <!-- tests.LoginTest -->
