<?xml version="1.0" encoding="UTF-8"?>
<!-- Generated by org.testng.reporters.JUnitReportReporter -->
<testsuite hostname="LAPTOP-62RFVMRJ" failures="0" tests="12" name="tests.End2EndTest" time="10.443" errors="0" timestamp="2022-08-22T11:24:22 IDT" skipped="0">
  <testcase classname="tests.End2EndTest" name="tc03_Count_product_2" time="0.086"/>
  <system-out/>
  <testcase classname="tests.End2EndTest" name="tc04_add_item_from_item_page" time="0.345"/>
  <system-out/>
  <testcase classname="tests.End2EndTest" name="tc06_remove_item_from_cart" time="0.162"/>
  <system-out/>
  <testcase classname="tests.End2EndTest" name="tc02_add_products_from_products" time="0.885"/>
  <system-out/>
  <testcase classname="tests.End2EndTest" name="tc05_go_to_cart" time="0.220"/>
  <system-out/>
  <testcase classname="tests.End2EndTest" name="tc11_finish_checkout" time="1.183"/>
  <system-out/>
  <testcase classname="tests.End2EndTest" name="tc10_checkout" time="1.199"/>
  <system-out/>
  <testcase classname="tests.End2EndTest" name="tc09_checkout" time="0.613"/>
  <system-out/>
  <testcase classname="tests.End2EndTest" name="TC01_Standard_User" time="1.694"/>
  <system-out/>
  <testcase classname="tests.End2EndTest" name="tc08_checkout" time="0.178"/>
  <system-out/>
  <testcase classname="tests.End2EndTest" name="tc12_confirmation_back_to_main" time="0.176"/>
  <system-out/>
  <testcase classname="tests.End2EndTest" name="tc07_continue_shopping" time="3.702"/>
  <system-out/>
</testsuite> <!-- tests.End2EndTest -->
