<?xml version="1.0" encoding="UTF-8"?>
<!-- Generated by org.testng.reporters.JUnitReportReporter -->
<testsuite hostname="LAPTOP-62RFVMRJ" failures="0" tests="11" name="tests.ProductsTests" time="2.212" errors="0" timestamp="2022-08-08T12:29:03 IDT" skipped="0">
  <testcase classname="tests.ProductsTests" name="tc05_Remove_product" time="0.357"/>
  <system-out/>
  <testcase classname="tests.ProductsTests" name="tc06_Remove_product_not_found" time="0.059"/>
  <system-out/>
  <testcase classname="tests.ProductsTests" name="tc10_sort_price_Dessending" time="0.212"/>
  <system-out/>
  <testcase classname="tests.ProductsTests" name="tc11_move_to_item_page" time="0.102"/>
  <system-out/>
  <testcase classname="tests.ProductsTests" name="tc01_On_Products_page" time="0.150"/>
  <system-out/>
  <testcase classname="tests.ProductsTests" name="tc08_Product_price" time="0.088"/>
  <system-out/>
  <testcase classname="tests.ProductsTests" name="tc07_Remove_product_not_in_cart" time="0.283"/>
  <system-out/>
  <testcase classname="tests.ProductsTests" name="tc09_sort_a_to_z" time="0.168"/>
  <system-out/>
  <testcase classname="tests.ProductsTests" name="tc02_Add_to_cart_button_pos" time="0.449"/>
  <system-out/>
  <testcase classname="tests.ProductsTests" name="tc03_Add_to_cart_button_not_found" time="0.054"/>
  <system-out/>
  <testcase classname="tests.ProductsTests" name="tc04_Add_to_cart_button_already_added" time="0.290"/>
  <system-out/>
</testsuite> <!-- tests.ProductsTests -->
